Using pre-set license
Built from '2020.3/staging' branch; Version is '2020.3.3f1 (76626098c1c4) revision 7758432'; Using compiler version '192528614'; Build Type 'Release'
OS: 'Windows 10 Home; OS build 22000.376; Version 2009; 64bit' Language: 'en' Physical Memory: 16179 MB
BatchMode: 1, IsHumanControllingUs: 0, StartBugReporterOnCrash: 0, Is64bit: 1, IsPro: 0

 COMMAND LINE ARGUMENTS:
C:\Program Files\Unity\Hub\Editor\2020.3.3f1\Editor\Unity.exe
-adb2
-batchMode
-noUpm
-name
AssetImportWorker0
-projectPath
C:/Desktop/SurvivalShooter2019-master online/SurvivalShooter2019-master/SurvivalShooter/SurvivalShooter
-logFile
Logs/AssetImportWorker0.log
-srvPort
65506
Successfully changed project path to: C:/Desktop/SurvivalShooter2019-master online/SurvivalShooter2019-master/SurvivalShooter/SurvivalShooter
C:/Desktop/SurvivalShooter2019-master online/SurvivalShooter2019-master/SurvivalShooter/SurvivalShooter
Using Asset Import Pipeline V2.
Refreshing native plugins compatible for Editor in 22.84 ms, found 0 plugins.
Preloading 0 native plugins for Editor in 0.00 ms.
Initialize engine version: 2020.3.3f1 (76626098c1c4)
[Subsystems] Discovering subsystems at path C:/Program Files/Unity/Hub/Editor/2020.3.3f1/Editor/Data/Resources/UnitySubsystems
[Subsystems] Discovering subsystems at path C:/Desktop/SurvivalShooter2019-master online/SurvivalShooter2019-master/SurvivalShooter/SurvivalShooter/Assets
GfxDevice: creating device client; threaded=0
Direct3D:
    Version:  Direct3D 11.0 [level 11.1]
    Renderer: NVIDIA GeForce RTX 2060 (ID=0x1f11)
    Vendor:   
    VRAM:     5980 MB
    Driver:   27.21.14.6618
Initialize mono
Mono path[0] = 'C:/Program Files/Unity/Hub/Editor/2020.3.3f1/Editor/Data/Managed'
Mono path[1] = 'C:/Program Files/Unity/Hub/Editor/2020.3.3f1/Editor/Data/MonoBleedingEdge/lib/mono/unityjit'
Mono config path = 'C:/Program Files/Unity/Hub/Editor/2020.3.3f1/Editor/Data/MonoBleedingEdge/etc'
Using monoOptions --debugger-agent=transport=dt_socket,embedding=1,server=y,suspend=n,address=127.0.0.1:56860
Begin MonoManager ReloadAssembly
Registering precompiled unity dll's ...
Register platform support module: C:/Program Files/Unity/Hub/Editor/2020.3.3f1/Editor/Data/PlaybackEngines/WindowsStandaloneSupport/UnityEditor.WindowsStandalone.Extensions.dll
Registered in 0.001569 seconds.
Native extension for WindowsStandalone target not found
Refreshing native plugins compatible for Editor in 25.85 ms, found 0 plugins.
Preloading 0 native plugins for Editor in 0.00 ms.
Invoked RoslynAnalysisRunner static constructor.
RoslynAnalysisRunner will not be running.
RoslynAnalysisRunner has terminated.
Mono: successfully reloaded assembly
- Completed reload, in  1.021 seconds
Platform modules already initialized, skipping
Registering precompiled user dll's ...
Registered in 0.000692 seconds.
Begin MonoManager ReloadAssembly
Native extension for WindowsStandalone target not found
Refreshing native plugins compatible for Editor in 0.21 ms, found 0 plugins.
Preloading 0 native plugins for Editor in 0.00 ms.
Invoked RoslynAnalysisRunner static constructor.
RoslynAnalysisRunner will not be running.
RoslynAnalysisRunner has terminated.
Mono: successfully reloaded assembly
- Completed reload, in  0.795 seconds
Platform modules already initialized, skipping
========================================================================
Worker process is ready to serve import requests
Launched and connected shader compiler UnityShaderCompiler.exe after 0.04 seconds
Refreshing native plugins compatible for Editor in 0.22 ms, found 0 plugins.
Preloading 0 native plugins for Editor in 0.00 ms.
Unloading 1124 Unused Serialized files (Serialized files now loaded: 0)
System memory in use before: 58.5 MB.
System memory in use after: 58.5 MB.

Unloading 9 unused Assets to reduce memory usage. Loaded Objects now: 1573.
Total: 2.015100 ms (FindLiveObjects: 0.169500 ms CreateObjectMapping: 0.055200 ms MarkObjects: 1.731700 ms  DeleteObjects: 0.057600 ms)

========================================================================
Received Import Request.
  path: Assets/GiParamaters
  artifactKey: Guid(28a4109f6f04e9148ae48952d2be9cd4) Importer(815301076,1909f56bfc062723c751e8b465ee728b)
Start importing Assets/GiParamaters using Guid(28a4109f6f04e9148ae48952d2be9cd4) Importer(815301076,1909f56bfc062723c751e8b465ee728b)  -> (artifact id: '13cc9fb9c62de8f350974aa2ba2ca028') in 0.003770 seconds
  Import took 0.005489 seconds .

========================================================================
Received Import Request.
  Time since last request: 0.000279 seconds.
  path: Assets/GiParamaters/Extents.giparams
  artifactKey: Guid(c1c8749e0e5167c49ac4bf5d6f6b47f8) Importer(815301076,1909f56bfc062723c751e8b465ee728b)
Start importing Assets/GiParamaters/Extents.giparams using Guid(c1c8749e0e5167c49ac4bf5d6f6b47f8) Importer(815301076,1909f56bfc062723c751e8b465ee728b)  -> (artifact id: '044ba3038eadbab1df67d4ce5ba084b6') in 0.020623 seconds
  Import took 0.022236 seconds .

========================================================================
Received Import Request.
  Time since last request: 0.000280 seconds.
  path: Assets/GiParamaters/Emissive.giparams
  artifactKey: Guid(e486dd5cc37dd384585062f8da513c86) Importer(815301076,1909f56bfc062723c751e8b465ee728b)
Start importing Assets/GiParamaters/Emissive.giparams using Guid(e486dd5cc37dd384585062f8da513c86) Importer(815301076,1909f56bfc062723c751e8b465ee728b)  -> (artifact id: '707b0d7768db8d97f7589f457e6757f8') in 0.003133 seconds
  Import took 0.005299 seconds .

========================================================================
Received Import Request.
  Time since last request: 0.000310 seconds.
  path: Assets/GiParamaters/Details.giparams
  artifactKey: Guid(fcb2a70b492a2eb4db08bc2b35204adf) Importer(815301076,1909f56bfc062723c751e8b465ee728b)
Start importing Assets/GiParamaters/Details.giparams using Guid(fcb2a70b492a2eb4db08bc2b35204adf) Importer(815301076,1909f56bfc062723c751e8b465ee728b)  -> (artifact id: '05a012642ea86479581bce3675bbfb26') in 0.002393 seconds
  Import took 0.004133 seconds .

========================================================================
Received Import Request.
  Time since last request: 0.000282 seconds.
  path: Assets/GiParamaters/Walls.giparams
  artifactKey: Guid(31dbc3e4ccfa51f4a8b2fbe80eb377d8) Importer(815301076,1909f56bfc062723c751e8b465ee728b)
Start importing Assets/GiParamaters/Walls.giparams using Guid(31dbc3e4ccfa51f4a8b2fbe80eb377d8) Importer(815301076,1909f56bfc062723c751e8b465ee728b)  -> (artifact id: 'c93b6062b0a165f8045586f36d1cabb1') in 0.002338 seconds
  Import took 0.004153 seconds .

========================================================================
Received Import Request.
  Time since last request: 0.000268 seconds.
  path: Assets/GiParamaters/Floor.giparams
  artifactKey: Guid(7c968b97f7b013f44b12f7a0005a9006) Importer(815301076,1909f56bfc062723c751e8b465ee728b)
Start importing Assets/GiParamaters/Floor.giparams using Guid(7c968b97f7b013f44b12f7a0005a9006) Importer(815301076,1909f56bfc062723c751e8b465ee728b)  -> (artifact id: '343079d43692e7b9edd1042112541485') in 0.002596 seconds
  Import took 0.005172 seconds .

AssetImportWorkerClient::OnTransportError - code=2 error=End of file
