Using pre-set license
Built from '2020.3/staging' branch; Version is '2020.3.3f1 (76626098c1c4) revision 7758432'; Using compiler version '192528614'; Build Type 'Release'
OS: 'Windows 10 Home; OS build 22000.376; Version 2009; 64bit' Language: 'en' Physical Memory: 16179 MB
BatchMode: 1, IsHumanControllingUs: 0, StartBugReporterOnCrash: 0, Is64bit: 1, IsPro: 0

 COMMAND LINE ARGUMENTS:
C:\Program Files\Unity\Hub\Editor\2020.3.3f1\Editor\Unity.exe
-adb2
-batchMode
-noUpm
-name
AssetImportWorker0
-projectPath
C:/Desktop/SurvivalShooter2019-master online/SurvivalShooter2019-master/SurvivalShooter/SurvivalShooter
-logFile
Logs/AssetImportWorker0.log
-srvPort
49154
Successfully changed project path to: C:/Desktop/SurvivalShooter2019-master online/SurvivalShooter2019-master/SurvivalShooter/SurvivalShooter
C:/Desktop/SurvivalShooter2019-master online/SurvivalShooter2019-master/SurvivalShooter/SurvivalShooter
Using Asset Import Pipeline V2.
Refreshing native plugins compatible for Editor in 25.97 ms, found 0 plugins.
Preloading 0 native plugins for Editor in 0.00 ms.
Initialize engine version: 2020.3.3f1 (76626098c1c4)
[Subsystems] Discovering subsystems at path C:/Program Files/Unity/Hub/Editor/2020.3.3f1/Editor/Data/Resources/UnitySubsystems
[Subsystems] Discovering subsystems at path C:/Desktop/SurvivalShooter2019-master online/SurvivalShooter2019-master/SurvivalShooter/SurvivalShooter/Assets
GfxDevice: creating device client; threaded=0
Direct3D:
    Version:  Direct3D 11.0 [level 11.1]
    Renderer: NVIDIA GeForce RTX 2060 (ID=0x1f11)
    Vendor:   
    VRAM:     5980 MB
    Driver:   27.21.14.6618
Initialize mono
Mono path[0] = 'C:/Program Files/Unity/Hub/Editor/2020.3.3f1/Editor/Data/Managed'
Mono path[1] = 'C:/Program Files/Unity/Hub/Editor/2020.3.3f1/Editor/Data/MonoBleedingEdge/lib/mono/unityjit'
Mono config path = 'C:/Program Files/Unity/Hub/Editor/2020.3.3f1/Editor/Data/MonoBleedingEdge/etc'
Using monoOptions --debugger-agent=transport=dt_socket,embedding=1,server=y,suspend=n,address=127.0.0.1:56492
Begin MonoManager ReloadAssembly
Registering precompiled unity dll's ...
Register platform support module: C:/Program Files/Unity/Hub/Editor/2020.3.3f1/Editor/Data/PlaybackEngines/WindowsStandaloneSupport/UnityEditor.WindowsStandalone.Extensions.dll
Registered in 0.001578 seconds.
Native extension for WindowsStandalone target not found
Refreshing native plugins compatible for Editor in 24.61 ms, found 0 plugins.
Preloading 0 native plugins for Editor in 0.00 ms.
Invoked RoslynAnalysisRunner static constructor.
RoslynAnalysisRunner will not be running.
RoslynAnalysisRunner has terminated.
Mono: successfully reloaded assembly
- Completed reload, in  1.037 seconds
Platform modules already initialized, skipping
Registering precompiled user dll's ...
Registered in 0.002583 seconds.
Begin MonoManager ReloadAssembly
Native extension for WindowsStandalone target not found
Refreshing native plugins compatible for Editor in 0.26 ms, found 0 plugins.
Preloading 0 native plugins for Editor in 0.00 ms.
Invoked RoslynAnalysisRunner static constructor.
RoslynAnalysisRunner will not be running.
RoslynAnalysisRunner has terminated.
[ScriptCompilation] NOT recompiling all scripts because this is an import worker process. Reason to compile was: Define symbols changed
Mono: successfully reloaded assembly
- Completed reload, in  0.874 seconds
Platform modules already initialized, skipping
========================================================================
Worker process is ready to serve import requests
Launched and connected shader compiler UnityShaderCompiler.exe after 0.08 seconds
Refreshing native plugins compatible for Editor in 0.24 ms, found 0 plugins.
Preloading 0 native plugins for Editor in 0.00 ms.
Unloading 1369 Unused Serialized files (Serialized files now loaded: 0)
System memory in use before: 65.5 MB.
System memory in use after: 65.6 MB.

Unloading 14 unused Assets to reduce memory usage. Loaded Objects now: 1813.
Total: 1.972700 ms (FindLiveObjects: 0.192100 ms CreateObjectMapping: 0.056500 ms MarkObjects: 1.657000 ms  DeleteObjects: 0.066200 ms)

========================================================================
Received Import Request.
  path: Assets/Prefabs/Player.prefab
  artifactKey: Guid(9e3e72cd89ef44f97afe08f9baaabc18) Importer(815301076,1909f56bfc062723c751e8b465ee728b)
Start importing Assets/Prefabs/Player.prefab using Guid(9e3e72cd89ef44f97afe08f9baaabc18) Importer(815301076,1909f56bfc062723c751e8b465ee728b)  -> (artifact id: 'f683dbf5e3acc0f6390368dadef9ec1c') in 0.151013 seconds
  Import took 0.153609 seconds .

========================================================================
Received Import Request.
  Time since last request: 66.814459 seconds.
  path: Assets/Prefabs/Player.prefab
  artifactKey: Guid(9e3e72cd89ef44f97afe08f9baaabc18) Importer(815301076,1909f56bfc062723c751e8b465ee728b)
Start importing Assets/Prefabs/Player.prefab using Guid(9e3e72cd89ef44f97afe08f9baaabc18) Importer(815301076,1909f56bfc062723c751e8b465ee728b)  -> (artifact id: 'c55cc869aa9789821390fac86af45a5e') in 0.034948 seconds
  Import took 0.037817 seconds .

========================================================================
Received Import Request.
  Time since last request: 14.085610 seconds.
  path: Assets/Prefabs/Player.prefab
  artifactKey: Guid(9e3e72cd89ef44f97afe08f9baaabc18) Importer(815301076,1909f56bfc062723c751e8b465ee728b)
Start importing Assets/Prefabs/Player.prefab using Guid(9e3e72cd89ef44f97afe08f9baaabc18) Importer(815301076,1909f56bfc062723c751e8b465ee728b)  -> (artifact id: 'e822054791d7a3e61494afafe840379b') in 0.028755 seconds
  Import took 0.031497 seconds .

========================================================================
Received Import Request.
  Time since last request: 131.068080 seconds.
  path: Assets/Scripts/Player/PlayerMovement.cs
  artifactKey: Guid(8ec45203ae7a1a54c9d02c355f983833) Importer(815301076,1909f56bfc062723c751e8b465ee728b)
Start importing Assets/Scripts/Player/PlayerMovement.cs using Guid(8ec45203ae7a1a54c9d02c355f983833) Importer(815301076,1909f56bfc062723c751e8b465ee728b)  -> (artifact id: '442065532345cb52d93ec132677e5a81') in 0.005321 seconds
  Import took 0.008106 seconds .

========================================================================
Received Prepare
Registering precompiled user dll's ...
Registered in 0.002501 seconds.
Begin MonoManager ReloadAssembly
Native extension for WindowsStandalone target not found
Refreshing native plugins compatible for Editor in 0.26 ms, found 0 plugins.
Preloading 0 native plugins for Editor in 0.00 ms.
Invoked RoslynAnalysisRunner static constructor.
RoslynAnalysisRunner will not be running.
RoslynAnalysisRunner has terminated.
[ScriptCompilation] NOT recompiling all scripts because this is an import worker process. Reason to compile was: Define symbols changed
Mono: successfully reloaded assembly
- Completed reload, in  0.823 seconds
Platform modules already initialized, skipping
Refreshing native plugins compatible for Editor in 0.25 ms, found 0 plugins.
Preloading 0 native plugins for Editor in 0.00 ms.
Unloading 1364 Unused Serialized files (Serialized files now loaded: 0)
System memory in use before: 68.6 MB.
System memory in use after: 68.7 MB.

Unloading 10 unused Assets to reduce memory usage. Loaded Objects now: 1823.
Total: 1.710700 ms (FindLiveObjects: 0.139200 ms CreateObjectMapping: 0.041200 ms MarkObjects: 1.497700 ms  DeleteObjects: 0.031700 ms)

========================================================================
Received Import Request.
  Time since last request: 8.829873 seconds.
  path: Assets/Scripts/Player/PlayerHealth.cs
  artifactKey: Guid(544f2064df03e95419b4a5147c506b08) Importer(815301076,1909f56bfc062723c751e8b465ee728b)
Start importing Assets/Scripts/Player/PlayerHealth.cs using Guid(544f2064df03e95419b4a5147c506b08) Importer(815301076,1909f56bfc062723c751e8b465ee728b)  -> (artifact id: '85dab3bb28d25ca3fcfda674369c48ae') in 0.004752 seconds
  Import took 0.007191 seconds .

========================================================================
Received Prepare
Registering precompiled user dll's ...
Registered in 0.002478 seconds.
Begin MonoManager ReloadAssembly
Native extension for WindowsStandalone target not found
Refreshing native plugins compatible for Editor in 0.25 ms, found 0 plugins.
Preloading 0 native plugins for Editor in 0.00 ms.
Invoked RoslynAnalysisRunner static constructor.
RoslynAnalysisRunner will not be running.
RoslynAnalysisRunner has terminated.
[ScriptCompilation] NOT recompiling all scripts because this is an import worker process. Reason to compile was: Define symbols changed
Mono: successfully reloaded assembly
- Completed reload, in  0.782 seconds
Platform modules already initialized, skipping
Refreshing native plugins compatible for Editor in 0.27 ms, found 0 plugins.
Preloading 0 native plugins for Editor in 0.00 ms.
Unloading 1364 Unused Serialized files (Serialized files now loaded: 0)
System memory in use before: 68.7 MB.
System memory in use after: 68.8 MB.

Unloading 9 unused Assets to reduce memory usage. Loaded Objects now: 1826.
Total: 6.997500 ms (FindLiveObjects: 0.342300 ms CreateObjectMapping: 0.147100 ms MarkObjects: 6.460400 ms  DeleteObjects: 0.045200 ms)

========================================================================
Received Import Request.
  Time since last request: 32.874005 seconds.
  path: Assets/Scripts/Player/PlayerHealth.cs
  artifactKey: Guid(544f2064df03e95419b4a5147c506b08) Importer(815301076,1909f56bfc062723c751e8b465ee728b)
Start importing Assets/Scripts/Player/PlayerHealth.cs using Guid(544f2064df03e95419b4a5147c506b08) Importer(815301076,1909f56bfc062723c751e8b465ee728b)  -> (artifact id: 'abfa235f8506f871541181e2742d964f') in 0.011252 seconds
  Import took 0.019897 seconds .

========================================================================
Received Import Request.
  Time since last request: 0.230644 seconds.
  path: Assets/Scripts/Player/PlayerShooting.cs
  artifactKey: Guid(27c63be2a8918c741863160b9d9da122) Importer(815301076,1909f56bfc062723c751e8b465ee728b)
Start importing Assets/Scripts/Player/PlayerShooting.cs using Guid(27c63be2a8918c741863160b9d9da122) Importer(815301076,1909f56bfc062723c751e8b465ee728b)  -> (artifact id: 'a13aa583a4f27fb0050ce1c9a7c60fe8') in 0.002466 seconds
  Import took 0.004620 seconds .

========================================================================
Received Prepare
Registering precompiled user dll's ...
Registered in 0.002505 seconds.
Begin MonoManager ReloadAssembly
Native extension for WindowsStandalone target not found
Refreshing native plugins compatible for Editor in 0.25 ms, found 0 plugins.
Preloading 0 native plugins for Editor in 0.00 ms.
Invoked RoslynAnalysisRunner static constructor.
RoslynAnalysisRunner will not be running.
RoslynAnalysisRunner has terminated.
[ScriptCompilation] NOT recompiling all scripts because this is an import worker process. Reason to compile was: Define symbols changed
Mono: successfully reloaded assembly
- Completed reload, in  0.786 seconds
Platform modules already initialized, skipping
Refreshing native plugins compatible for Editor in 0.24 ms, found 0 plugins.
Preloading 0 native plugins for Editor in 0.00 ms.
Unloading 1364 Unused Serialized files (Serialized files now loaded: 0)
System memory in use before: 68.7 MB.
System memory in use after: 68.8 MB.

Unloading 9 unused Assets to reduce memory usage. Loaded Objects now: 1829.
Total: 1.684600 ms (FindLiveObjects: 0.137700 ms CreateObjectMapping: 0.044700 ms MarkObjects: 1.484400 ms  DeleteObjects: 0.017000 ms)

========================================================================
Received Import Request.
  Time since last request: 22.133999 seconds.
  path: Assets/Scripts/Player/PlayerShooting.cs
  artifactKey: Guid(27c63be2a8918c741863160b9d9da122) Importer(815301076,1909f56bfc062723c751e8b465ee728b)
Start importing Assets/Scripts/Player/PlayerShooting.cs using Guid(27c63be2a8918c741863160b9d9da122) Importer(815301076,1909f56bfc062723c751e8b465ee728b)  -> (artifact id: '5c4f9cdbcd1f9a545d39354da94667c1') in 0.003705 seconds
  Import took 0.005763 seconds .

========================================================================
Received Prepare
Registering precompiled user dll's ...
Registered in 0.002455 seconds.
Begin MonoManager ReloadAssembly
Native extension for WindowsStandalone target not found
Refreshing native plugins compatible for Editor in 0.36 ms, found 0 plugins.
Preloading 0 native plugins for Editor in 0.00 ms.
Invoked RoslynAnalysisRunner static constructor.
RoslynAnalysisRunner will not be running.
RoslynAnalysisRunner has terminated.
[ScriptCompilation] NOT recompiling all scripts because this is an import worker process. Reason to compile was: Define symbols changed
Mono: successfully reloaded assembly
- Completed reload, in  0.783 seconds
Platform modules already initialized, skipping
Refreshing native plugins compatible for Editor in 0.25 ms, found 0 plugins.
Preloading 0 native plugins for Editor in 0.00 ms.
Unloading 1364 Unused Serialized files (Serialized files now loaded: 0)
System memory in use before: 68.7 MB.
System memory in use after: 68.8 MB.

Unloading 9 unused Assets to reduce memory usage. Loaded Objects now: 1832.
Total: 4.777500 ms (FindLiveObjects: 0.310400 ms CreateObjectMapping: 0.119800 ms MarkObjects: 4.311600 ms  DeleteObjects: 0.033600 ms)

========================================================================
Received Import Request.
  Time since last request: 35.114128 seconds.
  path: Assets/Scripts/Enemy/EnemyMovement.cs
  artifactKey: Guid(94f6618a0da65fa45b24d5105d5d8422) Importer(815301076,1909f56bfc062723c751e8b465ee728b)
Start importing Assets/Scripts/Enemy/EnemyMovement.cs using Guid(94f6618a0da65fa45b24d5105d5d8422) Importer(815301076,1909f56bfc062723c751e8b465ee728b)  -> (artifact id: 'a404fb6440e5924a3f32e8b50836fa51') in 0.008085 seconds
  Import took 0.012607 seconds .

========================================================================
Received Prepare
Registering precompiled user dll's ...
Registered in 0.002533 seconds.
Begin MonoManager ReloadAssembly
Native extension for WindowsStandalone target not found
Refreshing native plugins compatible for Editor in 0.26 ms, found 0 plugins.
Preloading 0 native plugins for Editor in 0.00 ms.
Invoked RoslynAnalysisRunner static constructor.
RoslynAnalysisRunner will not be running.
RoslynAnalysisRunner has terminated.
[ScriptCompilation] NOT recompiling all scripts because this is an import worker process. Reason to compile was: Define symbols changed
Mono: successfully reloaded assembly
- Completed reload, in  0.808 seconds
Platform modules already initialized, skipping
Refreshing native plugins compatible for Editor in 0.25 ms, found 0 plugins.
Preloading 0 native plugins for Editor in 0.00 ms.
Unloading 1364 Unused Serialized files (Serialized files now loaded: 0)
System memory in use before: 68.7 MB.
System memory in use after: 68.8 MB.

Unloading 9 unused Assets to reduce memory usage. Loaded Objects now: 1835.
Total: 2.015500 ms (FindLiveObjects: 0.224900 ms CreateObjectMapping: 0.078800 ms MarkObjects: 1.693000 ms  DeleteObjects: 0.016900 ms)

========================================================================
Received Import Request.
  Time since last request: 20.011066 seconds.
  path: Assets/Scripts/Enemy/EnemyAttack.cs
  artifactKey: Guid(e15099f5ee559584089d5851df572def) Importer(815301076,1909f56bfc062723c751e8b465ee728b)
Start importing Assets/Scripts/Enemy/EnemyAttack.cs using Guid(e15099f5ee559584089d5851df572def) Importer(815301076,1909f56bfc062723c751e8b465ee728b)  -> (artifact id: '8dbe03bc617df5a0e34fb6df0874294c') in 0.003871 seconds
  Import took 0.009000 seconds .

========================================================================
Received Prepare
Registering precompiled user dll's ...
Registered in 0.002729 seconds.
Begin MonoManager ReloadAssembly
Native extension for WindowsStandalone target not found
Refreshing native plugins compatible for Editor in 0.25 ms, found 0 plugins.
Preloading 0 native plugins for Editor in 0.00 ms.
Invoked RoslynAnalysisRunner static constructor.
RoslynAnalysisRunner will not be running.
RoslynAnalysisRunner has terminated.
[ScriptCompilation] NOT recompiling all scripts because this is an import worker process. Reason to compile was: Define symbols changed
Mono: successfully reloaded assembly
- Completed reload, in  0.784 seconds
Platform modules already initialized, skipping
Refreshing native plugins compatible for Editor in 0.25 ms, found 0 plugins.
Preloading 0 native plugins for Editor in 0.00 ms.
Unloading 1364 Unused Serialized files (Serialized files now loaded: 0)
System memory in use before: 68.7 MB.
System memory in use after: 68.8 MB.

Unloading 9 unused Assets to reduce memory usage. Loaded Objects now: 1838.
Total: 2.477200 ms (FindLiveObjects: 0.166300 ms CreateObjectMapping: 0.053900 ms MarkObjects: 2.239900 ms  DeleteObjects: 0.016200 ms)

========================================================================
Received Import Request.
  Time since last request: 20.195066 seconds.
  path: Assets/Scripts/Enemy/EnemyHealth.cs
  artifactKey: Guid(a9b9d14572410594cb85d40eedfb150c) Importer(815301076,1909f56bfc062723c751e8b465ee728b)
Start importing Assets/Scripts/Enemy/EnemyHealth.cs using Guid(a9b9d14572410594cb85d40eedfb150c) Importer(815301076,1909f56bfc062723c751e8b465ee728b)  -> (artifact id: '90079bed0588e1af3a6943b5fd93a0db') in 0.003700 seconds
  Import took 0.005755 seconds .

========================================================================
Received Import Request.
  Time since last request: 55.906557 seconds.
  path: Assets/Prefabs/Hellephant.prefab
  artifactKey: Guid(ebed7a3ef4be5458fb88a3c3a689c566) Importer(815301076,1909f56bfc062723c751e8b465ee728b)
Start importing Assets/Prefabs/Hellephant.prefab using Guid(ebed7a3ef4be5458fb88a3c3a689c566) Importer(815301076,1909f56bfc062723c751e8b465ee728b)  -> (artifact id: 'b4015a4dd7681fa153af36b1c46fd264') in 0.095735 seconds
  Import took 0.098497 seconds .

========================================================================
Received Import Request.
  Time since last request: 0.000278 seconds.
  path: Assets/Prefabs/ZomBear.prefab
  artifactKey: Guid(78e1368557eab4d62a5487e98c1b5c5f) Importer(815301076,1909f56bfc062723c751e8b465ee728b)
Start importing Assets/Prefabs/ZomBear.prefab using Guid(78e1368557eab4d62a5487e98c1b5c5f) Importer(815301076,1909f56bfc062723c751e8b465ee728b)  -> (artifact id: '4eb783551775c642d51d3b41d24acdc9') in 0.044830 seconds
  Import took 0.049234 seconds .

========================================================================
Received Import Request.
  Time since last request: 0.000414 seconds.
  path: Assets/Prefabs/Zombunny.prefab
  artifactKey: Guid(4e3b7f611582d4dc7a9dd318242ed5e3) Importer(815301076,1909f56bfc062723c751e8b465ee728b)
Start importing Assets/Prefabs/Zombunny.prefab using Guid(4e3b7f611582d4dc7a9dd318242ed5e3) Importer(815301076,1909f56bfc062723c751e8b465ee728b)  -> (artifact id: '342b90e0b08e37fc67c71827ea753863') in 0.047494 seconds
  Import took 0.050216 seconds .

========================================================================
Received Import Request.
  Time since last request: 0.000310 seconds.
  path: Assets/Prefabs/Player.prefab
  artifactKey: Guid(9e3e72cd89ef44f97afe08f9baaabc18) Importer(815301076,1909f56bfc062723c751e8b465ee728b)
Start importing Assets/Prefabs/Player.prefab using Guid(9e3e72cd89ef44f97afe08f9baaabc18) Importer(815301076,1909f56bfc062723c751e8b465ee728b)  -> (artifact id: '7122908d8b94644238f8221c1dccbf4e') in 0.032245 seconds
  Import took 0.034945 seconds .

========================================================================
Received Import Request.
  Time since last request: 0.004341 seconds.
  path: Assets/Prefabs/Player.prefab
  artifactKey: Guid(9e3e72cd89ef44f97afe08f9baaabc18) Importer(815301076,1909f56bfc062723c751e8b465ee728b)
Start importing Assets/Prefabs/Player.prefab using Guid(9e3e72cd89ef44f97afe08f9baaabc18) Importer(815301076,1909f56bfc062723c751e8b465ee728b)  -> (artifact id: '7122908d8b94644238f8221c1dccbf4e') in 0.030773 seconds
  Import took 0.033551 seconds .

========================================================================
Received Prepare
Registering precompiled user dll's ...
Registered in 0.003053 seconds.
Begin MonoManager ReloadAssembly
Native extension for WindowsStandalone target not found
Refreshing native plugins compatible for Editor in 0.28 ms, found 0 plugins.
Preloading 0 native plugins for Editor in 0.00 ms.
Invoked RoslynAnalysisRunner static constructor.
RoslynAnalysisRunner will not be running.
RoslynAnalysisRunner has terminated.
[ScriptCompilation] NOT recompiling all scripts because this is an import worker process. Reason to compile was: Define symbols changed
Mono: successfully reloaded assembly
- Completed reload, in  0.818 seconds
Platform modules already initialized, skipping
Refreshing native plugins compatible for Editor in 0.26 ms, found 0 plugins.
Preloading 0 native plugins for Editor in 0.00 ms.
Unloading 1364 Unused Serialized files (Serialized files now loaded: 0)
System memory in use before: 68.8 MB.
System memory in use after: 68.9 MB.

Unloading 10 unused Assets to reduce memory usage. Loaded Objects now: 1843.
Total: 1.763500 ms (FindLiveObjects: 0.153100 ms CreateObjectMapping: 0.043600 ms MarkObjects: 1.533900 ms  DeleteObjects: 0.032000 ms)

========================================================================
Received Import Request.
  Time since last request: 108.949393 seconds.
  path: Assets/Scripts/Managers
  artifactKey: Guid(5f0c3aa6ccd64c0419d38bf2d88ee39e) Importer(815301076,1909f56bfc062723c751e8b465ee728b)
Start importing Assets/Scripts/Managers using Guid(5f0c3aa6ccd64c0419d38bf2d88ee39e) Importer(815301076,1909f56bfc062723c751e8b465ee728b)  -> (artifact id: '7e833a5f5321f44310c87191b6321556') in 0.004543 seconds
  Import took 0.006782 seconds .

========================================================================
Received Import Request.
  Time since last request: 1.187896 seconds.
  path: Assets/Scripts/Managers/GameOverManager.cs
  artifactKey: Guid(d9c9e0011c2ed97428a4efc03b455359) Importer(815301076,1909f56bfc062723c751e8b465ee728b)
Start importing Assets/Scripts/Managers/GameOverManager.cs using Guid(d9c9e0011c2ed97428a4efc03b455359) Importer(815301076,1909f56bfc062723c751e8b465ee728b)  -> (artifact id: '8151a7eaf6cf4622747f99ac5b232cf5') in 0.002185 seconds
  Import took 0.004254 seconds .

========================================================================
Received Import Request.
  Time since last request: 0.001221 seconds.
  path: Assets/Scripts/Managers/GameOverManager.cs
  artifactKey: Guid(d9c9e0011c2ed97428a4efc03b455359) Importer(815301076,1909f56bfc062723c751e8b465ee728b)
Start importing Assets/Scripts/Managers/GameOverManager.cs using Guid(d9c9e0011c2ed97428a4efc03b455359) Importer(815301076,1909f56bfc062723c751e8b465ee728b)  -> (artifact id: '8151a7eaf6cf4622747f99ac5b232cf5') in 0.002028 seconds
  Import took 0.004086 seconds .

========================================================================
Received Prepare
Registering precompiled user dll's ...
Registered in 0.002466 seconds.
Begin MonoManager ReloadAssembly
Native extension for WindowsStandalone target not found
Refreshing native plugins compatible for Editor in 0.24 ms, found 0 plugins.
Preloading 0 native plugins for Editor in 0.00 ms.
Invoked RoslynAnalysisRunner static constructor.
RoslynAnalysisRunner will not be running.
RoslynAnalysisRunner has terminated.
[ScriptCompilation] NOT recompiling all scripts because this is an import worker process. Reason to compile was: Define symbols changed
Mono: successfully reloaded assembly
- Completed reload, in  0.760 seconds
Platform modules already initialized, skipping
Refreshing native plugins compatible for Editor in 0.25 ms, found 0 plugins.
Preloading 0 native plugins for Editor in 0.00 ms.
Unloading 1364 Unused Serialized files (Serialized files now loaded: 0)
System memory in use before: 68.8 MB.
System memory in use after: 68.9 MB.

Unloading 9 unused Assets to reduce memory usage. Loaded Objects now: 1846.
Total: 1.881100 ms (FindLiveObjects: 0.190500 ms CreateObjectMapping: 0.039200 ms MarkObjects: 1.633800 ms  DeleteObjects: 0.016500 ms)

========================================================================
Received Import Request.
  Time since last request: 2109.303571 seconds.
  path: Assets/Scripts/Managers/EnemyManager.cs
  artifactKey: Guid(76a99222b1e4a384e923ac7e86efc709) Importer(815301076,1909f56bfc062723c751e8b465ee728b)
Start importing Assets/Scripts/Managers/EnemyManager.cs using Guid(76a99222b1e4a384e923ac7e86efc709) Importer(815301076,1909f56bfc062723c751e8b465ee728b)  -> (artifact id: 'f205a41d0c8a0a755034d553234a9584') in 0.005386 seconds
  Import took 0.008280 seconds .

AssetImportWorkerClient::OnTransportError - code=2 error=End of file
